Command line:
   LetterGenerator_LetterGenerator_sch_tb_isim_beh.exe
     -simmode  gui
     -simrunnum  0
     -socket  53338

Sun May 03 18:45:04 2020


 Elaboration Time: 0.078125 sec

 Current Memory Usage: 5159.68 Meg

 Total Signals          : 76
 Total Nets             : 53
 Total Signal Drivers   : 21
 Total Blocks           : 19
 Total Primitive Blocks : 17
 Total Processes        : 21
 Total Traceable Variables  : 18
 Total Scalar Nets and Variables : 541
Total Line Count : 26

 Total Simulation Time: 0.09375 sec

 Current Memory Usage: 5159.68 Meg

Sun May 03 18:45:32 2020

